<?xml version="1.0"?>
<PartInfo>
	<RecordID>100</RecordID>
	<RecordType>PartInfo</RecordType>
	<Values>
		<PartType>1</PartType>
		<PartFrame>0 -1 0 0 0 1 -1 0 0 0 0 -1 -1 0 0 0 1 0 0 0.8168439865112305 0 </PartFrame>
		<PartUnits>3</PartUnits>
		<FixedSizeHint>1</FixedSizeHint>
		<AppendOperationPreference>2</AppendOperationPreference>
	</Values>
	<SubRecords />
</PartInfo>
<Boundary>
	<RecordID>101</RecordID>
	<RecordType>Boundary</RecordType>
	<Values>
		<BoundaryType>Smooth</BoundaryType>
		<BoundaryLoopIndex>1728465926</BoundaryLoopIndex>
		<BoundarySize>0</BoundarySize>
		<BoundaryLoop>0 </BoundaryLoop>
		<BoundaryUV>0 </BoundaryUV>
		<BoundaryNormal>0 </BoundaryNormal>
	</Values>
	<SubRecords />
</Boundary>
