<?xml version="1.0"?>
<PartInfo>
	<RecordID>107</RecordID>
	<RecordType>PartInfo</RecordType>
	<Values>
		<PartType>1</PartType>
		<PartFrame>0 -1 0 0 0 1 -1 0 0 0 0 -1 -1 0 0 0 1 0 0 0.8050721287727356 0 </PartFrame>
		<PartUnits>3</PartUnits>
		<FixedSizeHint>1</FixedSizeHint>
		<AppendOperationPreference>2</AppendOperationPreference>
	</Values>
	<SubRecords />
</PartInfo>
<Boundary>
	<RecordID>108</RecordID>
	<RecordType>Boundary</RecordType>
	<Values>
		<BoundaryType>Smooth</BoundaryType>
		<BoundaryLoopIndex>-462889371</BoundaryLoopIndex>
		<BoundarySize>0</BoundarySize>
		<BoundaryLoop>0 </BoundaryLoop>
		<BoundaryUV>0 </BoundaryUV>
		<BoundaryNormal>0 </BoundaryNormal>
	</Values>
	<SubRecords />
</Boundary>
